running CONFIG_SHELL=/bin/bash /bin/bash /home/kavitha/Desktop/REDEFINE_MM_REPO/MM_Compiler/configure   --no-create --no-recursion
checking for clang... clang
checking for C compiler default output file name... a.out
checking whether the C compiler works... yes
checking whether we are cross compiling... no
checking for suffix of executables... 
checking for suffix of object files... o
checking whether we are using the GNU C compiler... yes
checking whether clang accepts -g... yes
checking for clang option to accept ISO C89... none needed
checking for clang++... clang++
checking whether we are using the GNU C++ compiler... yes
checking whether clang++ accepts -g... yes
checking how to run the C preprocessor... clang -E
checking whether clang works... yes
checking build system type... x86_64-unknown-linux-gnu
checking host system type... x86_64-unknown-linux-gnu
checking target system type... x86_64-unknown-linux-gnu
checking type of operating system we're going to host on... Linux
checking type of operating system we're going to target... Linux
checking target architecture... x86_64
checking for grep that handles long lines and -e... /bin/grep
checking for egrep... /bin/grep -E
checking for ANSI C header files... yes
checking for sys/types.h... yes
checking for sys/stat.h... yes
checking for stdlib.h... yes
checking for string.h... yes
checking for memory.h... yes
checking for strings.h... yes
checking for inttypes.h... yes
checking for stdint.h... yes
checking for unistd.h... yes
checking whether byte ordering is bigendian... no
checking optimization flags... -O3
checking for BSD-compatible nm... /usr/bin/nm -B
checking for GNU make... make
checking whether ln -s works... yes
checking for cmp... /usr/bin/cmp
checking for cp... /bin/cp
checking for date... /bin/date
checking for find... /usr/bin/find
checking for grep... (cached) /bin/grep
checking for mkdir... /bin/mkdir
checking for mv... /bin/mv
checking for ranlib... ranlib
checking for ar... ar
checking for rm... /bin/rm
checking for sed... /bin/sed
checking for tar... /bin/tar
checking for pwd... /bin/pwd
checking for Graphviz... echo Graphviz
checking for dot... /usr/bin/dot
checking for fdp... /usr/bin/fdp
checking for neato... /usr/bin/neato
checking for twopi... /usr/bin/twopi
checking for circo... /usr/bin/circo
checking for gv... no
checking for gsview32... no
checking for dotty... /usr/bin/dotty
checking for xdot.py... echo xdot.py
checking for a BSD-compatible install... /usr/bin/install -c
checking for bzip2... /bin/bzip2
checking for cat... /bin/cat
checking for doxygen... /usr/bin/doxygen
checking for groff... /usr/bin/groff
checking for gzip... /bin/gzip
checking for pdfroff... no
checking for zip... /usr/bin/zip
checking for ocamlc... no
checking for ocamlopt... no
checking for ocamldep... no
checking for ocamldoc... no
checking for gas... no
checking for as... /usr/bin/as
checking for linker version... 2.24
checking for compiler -Wl,-R<path> option... yes
checking for compiler -Wl,-export-dynamic option... yes
checking for compiler -Wl,--version-script option... yes
checking for an ANSI C-conforming const... yes
checking for dirent.h that defines DIR... yes
checking for library containing opendir... none required
checking dlfcn.h usability... yes
checking dlfcn.h presence... yes
checking for dlfcn.h... yes
checking dynamic linker characteristics... GNU/Linux ld.so
checking which extension is used for loadable modules... .so
checking which variable specifies run-time library path... LD_LIBRARY_PATH
checking for the default library search path... /lib /usr/lib /usr/lib/x86_64-linux-gnu/libfakeroot /usr/lib/i386-linux-gnu/mesa /lib/i386-linux-gnu /usr/lib/i386-linux-gnu /lib/i686-linux-gnu /usr/lib/i686-linux-gnu /usr/local/lib /lib/x86_64-linux-gnu /usr/lib/x86_64-linux-gnu /usr/lib/x86_64-linux-gnu/mesa-egl /usr/lib/x86_64-linux-gnu/mesa 
checking for objdir... .libs
checking command to parse /usr/bin/nm -B output from  object... Terminated
