This file contains any messages produced by compilers while
running configure, to aid debugging if configure makes a mistake.

It was created by LLVM configure 3.3, which was
generated by GNU Autoconf 2.60.  Invocation command line was

  $ /home/kavitha/Desktop/REDEFINE_MM_REPO/MM_Compiler/configure --no-create --no-recursion

## --------- ##
## Platform. ##
## --------- ##

hostname = Beast
uname -m = x86_64
uname -r = 3.13.0-52-generic
uname -s = Linux
uname -v = #86-Ubuntu SMP Mon May 4 04:32:59 UTC 2015

/usr/bin/uname -p = unknown
/bin/uname -X     = unknown

/bin/arch              = unknown
/usr/bin/arch -k       = unknown
/usr/convex/getsysinfo = unknown
/usr/bin/hostinfo      = unknown
/bin/machine           = unknown
/usr/bin/oslevel       = unknown
/bin/universe          = unknown

PATH: /usr/local/sbin
PATH: /usr/local/bin
PATH: /usr/sbin
PATH: /usr/bin
PATH: /sbin
PATH: /bin
PATH: /usr/games
PATH: /usr/local/games


## ----------- ##
## Core tests. ##
## ----------- ##

configure:2048: checking for clang
configure:2064: found /usr/bin/clang
configure:2075: result: clang
configure:2111: checking for C compiler version
configure:2118: clang --version >&5
Ubuntu clang version 3.4-1ubuntu3 (tags/RELEASE_34/final) (based on LLVM 3.4)
Target: x86_64-pc-linux-gnu
Thread model: posix
configure:2121: $? = 0
configure:2128: clang -v >&5
Ubuntu clang version 3.4-1ubuntu3 (tags/RELEASE_34/final) (based on LLVM 3.4)
Target: x86_64-pc-linux-gnu
Thread model: posix
Found candidate GCC installation: /usr/bin/../lib/gcc/i686-linux-gnu/4.8
Found candidate GCC installation: /usr/bin/../lib/gcc/i686-linux-gnu/4.8.4
Found candidate GCC installation: /usr/bin/../lib/gcc/i686-linux-gnu/4.9
Found candidate GCC installation: /usr/bin/../lib/gcc/i686-linux-gnu/4.9.1
Found candidate GCC installation: /usr/bin/../lib/gcc/x86_64-linux-gnu/4.8
Found candidate GCC installation: /usr/bin/../lib/gcc/x86_64-linux-gnu/4.8.4
Found candidate GCC installation: /usr/bin/../lib/gcc/x86_64-linux-gnu/4.9
Found candidate GCC installation: /usr/bin/../lib/gcc/x86_64-linux-gnu/4.9.1
Found candidate GCC installation: /usr/lib/gcc/i686-linux-gnu/4.8
Found candidate GCC installation: /usr/lib/gcc/i686-linux-gnu/4.8.4
Found candidate GCC installation: /usr/lib/gcc/i686-linux-gnu/4.9
Found candidate GCC installation: /usr/lib/gcc/i686-linux-gnu/4.9.1
Found candidate GCC installation: /usr/lib/gcc/x86_64-linux-gnu/4.8
Found candidate GCC installation: /usr/lib/gcc/x86_64-linux-gnu/4.8.4
Found candidate GCC installation: /usr/lib/gcc/x86_64-linux-gnu/4.9
Found candidate GCC installation: /usr/lib/gcc/x86_64-linux-gnu/4.9.1
Selected GCC installation: /usr/bin/../lib/gcc/x86_64-linux-gnu/4.8
configure:2131: $? = 0
configure:2138: clang -V >&5
clang: error: argument to '-V' is missing (expected 1 value)
clang: error: no input files
configure:2141: $? = 1
configure:2164: checking for C compiler default output file name
configure:2191: clang    conftest.c  >&5
configure:2194: $? = 0
configure:2240: result: a.out
configure:2245: checking whether the C compiler works
configure:2255: ./a.out
configure:2258: $? = 0
configure:2275: result: yes
configure:2282: checking whether we are cross compiling
configure:2284: result: no
configure:2287: checking for suffix of executables
configure:2294: clang -o conftest    conftest.c  >&5
configure:2297: $? = 0
configure:2321: result: 
configure:2327: checking for suffix of object files
configure:2353: clang -c   conftest.c >&5
configure:2356: $? = 0
configure:2379: result: o
configure:2383: checking whether we are using the GNU C compiler
configure:2412: clang -c   conftest.c >&5
configure:2418: $? = 0
configure:2425: test -z "$ac_c_werror_flag" || test ! -s conftest.err
configure:2428: $? = 0
configure:2435: test -s conftest.o
configure:2438: $? = 0
configure:2452: result: yes
configure:2457: checking whether clang accepts -g
configure:2487: clang -c -g  conftest.c >&5
configure:2493: $? = 0
configure:2500: test -z "$ac_c_werror_flag" || test ! -s conftest.err
configure:2503: $? = 0
configure:2510: test -s conftest.o
configure:2513: $? = 0
configure:2643: result: yes
configure:2660: checking for clang option to accept ISO C89
configure:2734: clang  -c   conftest.c >&5
configure:2740: $? = 0
configure:2747: test -z "$ac_c_werror_flag" || test ! -s conftest.err
configure:2750: $? = 0
configure:2757: test -s conftest.o
configure:2760: $? = 0
configure:2780: result: none needed
configure:2856: checking for clang++
configure:2872: found /usr/bin/clang++
configure:2883: result: clang++
configure:2914: checking for C++ compiler version
configure:2921: clang++ --version >&5
Ubuntu clang version 3.4-1ubuntu3 (tags/RELEASE_34/final) (based on LLVM 3.4)
Target: x86_64-pc-linux-gnu
Thread model: posix
configure:2924: $? = 0
configure:2931: clang++ -v >&5
Ubuntu clang version 3.4-1ubuntu3 (tags/RELEASE_34/final) (based on LLVM 3.4)
Target: x86_64-pc-linux-gnu
Thread model: posix
Found candidate GCC installation: /usr/bin/../lib/gcc/i686-linux-gnu/4.8
Found candidate GCC installation: /usr/bin/../lib/gcc/i686-linux-gnu/4.8.4
Found candidate GCC installation: /usr/bin/../lib/gcc/i686-linux-gnu/4.9
Found candidate GCC installation: /usr/bin/../lib/gcc/i686-linux-gnu/4.9.1
Found candidate GCC installation: /usr/bin/../lib/gcc/x86_64-linux-gnu/4.8
Found candidate GCC installation: /usr/bin/../lib/gcc/x86_64-linux-gnu/4.8.4
Found candidate GCC installation: /usr/bin/../lib/gcc/x86_64-linux-gnu/4.9
Found candidate GCC installation: /usr/bin/../lib/gcc/x86_64-linux-gnu/4.9.1
Found candidate GCC installation: /usr/lib/gcc/i686-linux-gnu/4.8
Found candidate GCC installation: /usr/lib/gcc/i686-linux-gnu/4.8.4
Found candidate GCC installation: /usr/lib/gcc/i686-linux-gnu/4.9
Found candidate GCC installation: /usr/lib/gcc/i686-linux-gnu/4.9.1
Found candidate GCC installation: /usr/lib/gcc/x86_64-linux-gnu/4.8
Found candidate GCC installation: /usr/lib/gcc/x86_64-linux-gnu/4.8.4
Found candidate GCC installation: /usr/lib/gcc/x86_64-linux-gnu/4.9
Found candidate GCC installation: /usr/lib/gcc/x86_64-linux-gnu/4.9.1
Selected GCC installation: /usr/bin/../lib/gcc/x86_64-linux-gnu/4.8
configure:2934: $? = 0
configure:2941: clang++ -V >&5
clang: error: argument to '-V' is missing (expected 1 value)
clang: error: no input files
configure:2944: $? = 1
configure:2947: checking whether we are using the GNU C++ compiler
configure:2976: clang++ -c   conftest.cpp >&5
configure:2982: $? = 0
configure:2989: test -z "$ac_cxx_werror_flag" || test ! -s conftest.err
configure:2992: $? = 0
configure:2999: test -s conftest.o
configure:3002: $? = 0
configure:3016: result: yes
configure:3021: checking whether clang++ accepts -g
configure:3051: clang++ -c -g  conftest.cpp >&5
configure:3057: $? = 0
configure:3064: test -z "$ac_cxx_werror_flag" || test ! -s conftest.err
configure:3067: $? = 0
configure:3074: test -s conftest.o
configure:3077: $? = 0
configure:3207: result: yes
configure:3235: checking how to run the C preprocessor
configure:3275: clang -E  conftest.c
configure:3281: $? = 0
configure:3319: clang -E  conftest.c
conftest.c:10:10: fatal error: 'ac_nonexistent.h' file not found
#include <ac_nonexistent.h>
         ^
1 error generated.
configure:3325: $? = 1
configure: failed program was:
| /* confdefs.h.  */
| #define PACKAGE_NAME "LLVM"
| #define PACKAGE_TARNAME "llvm"
| #define PACKAGE_VERSION "3.3"
| #define PACKAGE_STRING "LLVM 3.3"
| #define PACKAGE_BUGREPORT "http://llvm.org/bugs/"
| #define LLVM_VERSION_MAJOR 3
| #define LLVM_VERSION_MINOR 3
| /* end confdefs.h.  */
| #include <ac_nonexistent.h>
configure:3365: result: clang -E
configure:3394: clang -E  conftest.c
configure:3400: $? = 0
configure:3438: clang -E  conftest.c
conftest.c:10:10: fatal error: 'ac_nonexistent.h' file not found
#include <ac_nonexistent.h>
         ^
1 error generated.
configure:3444: $? = 1
configure: failed program was:
| /* confdefs.h.  */
| #define PACKAGE_NAME "LLVM"
| #define PACKAGE_TARNAME "llvm"
| #define PACKAGE_VERSION "3.3"
| #define PACKAGE_STRING "LLVM 3.3"
| #define PACKAGE_BUGREPORT "http://llvm.org/bugs/"
| #define LLVM_VERSION_MAJOR 3
| #define LLVM_VERSION_MINOR 3
| /* end confdefs.h.  */
| #include <ac_nonexistent.h>
configure:3490: checking whether clang works
configure:3527: clang++ -c   conftest.cpp >&5
configure:3533: $? = 0
configure:3540: test -z "$ac_cxx_werror_flag" || test ! -s conftest.err
configure:3543: $? = 0
configure:3550: test -s conftest.o
configure:3553: $? = 0
configure:3556: result: yes
configure:3676: checking build system type
configure:3694: result: x86_64-unknown-linux-gnu
configure:3716: checking host system type
configure:3731: result: x86_64-unknown-linux-gnu
configure:3753: checking target system type
configure:3768: result: x86_64-unknown-linux-gnu
configure:3797: checking type of operating system we're going to host on
configure:3910: result: Linux
configure:3913: checking type of operating system we're going to target
configure:3965: result: Linux
configure:4011: checking target architecture
configure:4036: result: x86_64
configure:4082: checking for grep that handles long lines and -e
configure:4156: result: /bin/grep
configure:4161: checking for egrep
configure:4239: result: /bin/grep -E
configure:4244: checking for ANSI C header files
configure:4274: clang -c   conftest.c >&5
configure:4280: $? = 0
configure:4287: test -z "$ac_c_werror_flag" || test ! -s conftest.err
configure:4290: $? = 0
configure:4297: test -s conftest.o
configure:4300: $? = 0
configure:4396: clang -o conftest    conftest.c  >&5
configure:4399: $? = 0
configure:4405: ./conftest
configure:4408: $? = 0
configure:4425: result: yes
configure:4449: checking for sys/types.h
configure:4470: clang -c   conftest.c >&5
configure:4476: $? = 0
configure:4483: test -z "$ac_c_werror_flag" || test ! -s conftest.err
configure:4486: $? = 0
configure:4493: test -s conftest.o
configure:4496: $? = 0
configure:4509: result: yes
configure:4449: checking for sys/stat.h
configure:4470: clang -c   conftest.c >&5
configure:4476: $? = 0
configure:4483: test -z "$ac_c_werror_flag" || test ! -s conftest.err
configure:4486: $? = 0
configure:4493: test -s conftest.o
configure:4496: $? = 0
configure:4509: result: yes
configure:4449: checking for stdlib.h
configure:4470: clang -c   conftest.c >&5
configure:4476: $? = 0
configure:4483: test -z "$ac_c_werror_flag" || test ! -s conftest.err
configure:4486: $? = 0
configure:4493: test -s conftest.o
configure:4496: $? = 0
configure:4509: result: yes
configure:4449: checking for string.h
configure:4470: clang -c   conftest.c >&5
configure:4476: $? = 0
configure:4483: test -z "$ac_c_werror_flag" || test ! -s conftest.err
configure:4486: $? = 0
configure:4493: test -s conftest.o
configure:4496: $? = 0
configure:4509: result: yes
configure:4449: checking for memory.h
configure:4470: clang -c   conftest.c >&5
configure:4476: $? = 0
configure:4483: test -z "$ac_c_werror_flag" || test ! -s conftest.err
configure:4486: $? = 0
configure:4493: test -s conftest.o
configure:4496: $? = 0
configure:4509: result: yes
configure:4449: checking for strings.h
configure:4470: clang -c   conftest.c >&5
configure:4476: $? = 0
configure:4483: test -z "$ac_c_werror_flag" || test ! -s conftest.err
configure:4486: $? = 0
configure:4493: test -s conftest.o
configure:4496: $? = 0
configure:4509: result: yes
configure:4449: checking for inttypes.h
configure:4470: clang -c   conftest.c >&5
configure:4476: $? = 0
configure:4483: test -z "$ac_c_werror_flag" || test ! -s conftest.err
configure:4486: $? = 0
configure:4493: test -s conftest.o
configure:4496: $? = 0
configure:4509: result: yes
configure:4449: checking for stdint.h
configure:4470: clang -c   conftest.c >&5
configure:4476: $? = 0
configure:4483: test -z "$ac_c_werror_flag" || test ! -s conftest.err
configure:4486: $? = 0
configure:4493: test -s conftest.o
configure:4496: $? = 0
configure:4509: result: yes
configure:4449: checking for unistd.h
configure:4470: clang -c   conftest.c >&5
configure:4476: $? = 0
configure:4483: test -z "$ac_c_werror_flag" || test ! -s conftest.err
configure:4486: $? = 0
configure:4493: test -s conftest.o
configure:4496: $? = 0
configure:4509: result: yes
configure:4521: checking whether byte ordering is bigendian
configure:4553: clang -c   conftest.c >&5
configure:4559: $? = 0
configure:4566: test -z "$ac_c_werror_flag" || test ! -s conftest.err
configure:4569: $? = 0
configure:4576: test -s conftest.o
configure:4579: $? = 0
configure:4608: clang -c   conftest.c >&5
conftest.c:28:2: error: use of undeclared identifier 'not'
 not big endian
 ^
1 error generated.
configure:4614: $? = 1
configure: failed program was:
| /* confdefs.h.  */
| #define PACKAGE_NAME "LLVM"
| #define PACKAGE_TARNAME "llvm"
| #define PACKAGE_VERSION "3.3"
| #define PACKAGE_STRING "LLVM 3.3"
| #define PACKAGE_BUGREPORT "http://llvm.org/bugs/"
| #define LLVM_VERSION_MAJOR 3
| #define LLVM_VERSION_MINOR 3
| #define LLVM_ON_UNIX 1
| #define STDC_HEADERS 1
| #define HAVE_SYS_TYPES_H 1
| #define HAVE_SYS_STAT_H 1
| #define HAVE_STDLIB_H 1
| #define HAVE_STRING_H 1
| #define HAVE_MEMORY_H 1
| #define HAVE_STRINGS_H 1
| #define HAVE_INTTYPES_H 1
| #define HAVE_STDINT_H 1
| #define HAVE_UNISTD_H 1
| /* end confdefs.h.  */
| #include <sys/types.h>
| #include <sys/param.h>
| 
| int
| main ()
| {
| #if BYTE_ORDER != BIG_ENDIAN
|  not big endian
| #endif
| 
|   ;
|   return 0;
| }
configure:4788: result: no
configure:5798: checking optimization flags
configure:5811: result: -O3
configure:6024: checking for BSD-compatible nm
configure:6073: result: /usr/bin/nm -B
configure:6079: checking for GNU make
configure:6094: result: make
configure:6105: checking whether ln -s works
configure:6109: result: yes
configure:6118: checking for cmp
configure:6136: found /usr/bin/cmp
configure:6149: result: /usr/bin/cmp
configure:6159: checking for cp
configure:6177: found /bin/cp
configure:6190: result: /bin/cp
configure:6200: checking for date
configure:6218: found /bin/date
configure:6231: result: /bin/date
configure:6241: checking for find
configure:6259: found /usr/bin/find
configure:6272: result: /usr/bin/find
configure:6282: checking for grep
configure:6313: result: /bin/grep
configure:6323: checking for mkdir
configure:6341: found /bin/mkdir
configure:6354: result: /bin/mkdir
configure:6364: checking for mv
configure:6382: found /bin/mv
configure:6395: result: /bin/mv
configure:6446: checking for ranlib
configure:6462: found /usr/bin/ranlib
configure:6473: result: ranlib
configure:6542: checking for ar
configure:6558: found /usr/bin/ar
configure:6569: result: ar
configure:6597: checking for rm
configure:6615: found /bin/rm
configure:6628: result: /bin/rm
configure:6638: checking for sed
configure:6656: found /bin/sed
configure:6669: result: /bin/sed
configure:6679: checking for tar
configure:6697: found /bin/tar
configure:6710: result: /bin/tar
configure:6720: checking for pwd
configure:6738: found /bin/pwd
configure:6751: result: /bin/pwd
configure:6762: checking for Graphviz
configure:6793: result: echo Graphviz
configure:6818: checking for dot
configure:6836: found /usr/bin/dot
configure:6849: result: /usr/bin/dot
configure:6874: checking for fdp
configure:6892: found /usr/bin/fdp
configure:6905: result: /usr/bin/fdp
configure:6930: checking for neato
configure:6948: found /usr/bin/neato
configure:6961: result: /usr/bin/neato
configure:6986: checking for twopi
configure:7004: found /usr/bin/twopi
configure:7017: result: /usr/bin/twopi
configure:7042: checking for circo
configure:7060: found /usr/bin/circo
configure:7073: result: /usr/bin/circo
configure:7100: checking for gv
configure:7133: result: no
configure:7100: checking for gsview32
configure:7133: result: no
configure:7159: checking for dotty
configure:7177: found /usr/bin/dotty
configure:7190: result: /usr/bin/dotty
configure:7215: checking for xdot.py
configure:7246: result: echo xdot.py
configure:7283: checking for a BSD-compatible install
configure:7339: result: /usr/bin/install -c
configure:7357: checking for bzip2
configure:7375: found /bin/bzip2
configure:7387: result: /bin/bzip2
configure:7397: checking for cat
configure:7415: found /bin/cat
configure:7427: result: /bin/cat
configure:7437: checking for doxygen
configure:7455: found /usr/bin/doxygen
configure:7467: result: /usr/bin/doxygen
configure:7477: checking for groff
configure:7495: found /usr/bin/groff
configure:7507: result: /usr/bin/groff
configure:7517: checking for gzip
configure:7535: found /bin/gzip
configure:7547: result: /bin/gzip
configure:7557: checking for pdfroff
configure:7590: result: no
configure:7597: checking for zip
configure:7615: found /usr/bin/zip
configure:7627: result: /usr/bin/zip
configure:7639: checking for ocamlc
configure:7672: result: no
configure:7684: checking for ocamlopt
configure:7717: result: no
configure:7729: checking for ocamldep
configure:7762: result: no
configure:7774: checking for ocamldoc
configure:7807: result: no
configure:7819: checking for gas
configure:7852: result: no
configure:7819: checking for as
configure:7837: found /usr/bin/as
configure:7849: result: /usr/bin/as
configure:7861: checking for linker version
configure:7877: result: 2.24
configure:7886: checking for compiler -Wl,-R<path> option
configure:7920: clang -o conftest  -Wl,-R.   conftest.c  >&5
configure:7926: $? = 0
configure:7933: test -z "$ac_c_werror_flag" || test ! -s conftest.err
configure:7936: $? = 0
configure:7943: test -s conftest
configure:7946: $? = 0
configure:7967: result: yes
configure:7978: checking for compiler -Wl,-export-dynamic option
configure:8012: clang -o conftest  -Wl,-export-dynamic   conftest.c  >&5
configure:8018: $? = 0
configure:8025: test -z "$ac_c_werror_flag" || test ! -s conftest.err
configure:8028: $? = 0
configure:8035: test -s conftest
configure:8038: $? = 0
configure:8059: result: yes
configure:8070: checking for compiler -Wl,--version-script option
configure:8126: clang -o conftest  -Wl,--version-script=/tmp/foooe2HMF/export.map   conftest.c  >&5
configure:8132: $? = 0
configure:8139: test -z "$ac_c_werror_flag" || test ! -s conftest.err
configure:8142: $? = 0
configure:8149: test -s conftest
configure:8152: $? = 0
configure:8175: result: yes
configure:8185: checking for an ANSI C-conforming const
configure:8260: clang -c   conftest.c >&5
configure:8266: $? = 0
configure:8273: test -z "$ac_c_werror_flag" || test ! -s conftest.err
configure:8276: $? = 0
configure:8283: test -s conftest.o
configure:8286: $? = 0
configure:8298: result: yes
configure:8316: checking for dirent.h that defines DIR
configure:8345: clang -c   conftest.c >&5
configure:8351: $? = 0
configure:8358: test -z "$ac_c_werror_flag" || test ! -s conftest.err
configure:8361: $? = 0
configure:8368: test -s conftest.o
configure:8371: $? = 0
configure:8384: result: yes
configure:8397: checking for library containing opendir
configure:8438: clang -o conftest    conftest.c  >&5
configure:8444: $? = 0
configure:8451: test -z "$ac_c_werror_flag" || test ! -s conftest.err
configure:8454: $? = 0
configure:8461: test -s conftest
configure:8464: $? = 0
configure:8488: result: none required
configure:8613: checking dlfcn.h usability
configure:8630: clang -c   conftest.c >&5
configure:8636: $? = 0
configure:8643: test -z "$ac_c_werror_flag" || test ! -s conftest.err
configure:8646: $? = 0
configure:8653: test -s conftest.o
configure:8656: $? = 0
configure:8667: result: yes
configure:8671: checking dlfcn.h presence
configure:8686: clang -E  conftest.c
configure:8692: $? = 0
configure:8713: result: yes
configure:8746: checking for dlfcn.h
configure:8754: result: yes
configure:8794: checking dynamic linker characteristics
configure:9382: result: GNU/Linux ld.so
configure:9392: checking which extension is used for loadable modules
configure:9402: result: .so
configure:9413: checking which variable specifies run-time library path
configure:9420: result: LD_LIBRARY_PATH
configure:9431: checking for the default library search path
configure:9438: result: /lib /usr/lib /usr/lib/x86_64-linux-gnu/libfakeroot /usr/lib/i386-linux-gnu/mesa /lib/i386-linux-gnu /usr/lib/i386-linux-gnu /lib/i686-linux-gnu /usr/lib/i686-linux-gnu /usr/local/lib /lib/x86_64-linux-gnu /usr/lib/x86_64-linux-gnu /usr/lib/x86_64-linux-gnu/mesa-egl /usr/lib/x86_64-linux-gnu/mesa 
configure:9456: checking for objdir
configure:9477: result: .libs
configure:9490: checking command to parse /usr/bin/nm -B output from  object
configure:9595: clang -c   conftest.c >&5
configure:9598: $? = 0
configure:9602: /usr/bin/nm -B conftest.o \| sed -n -e 's/^.*[ 	]\([ABCDGIRSTW][ABCDGIRSTW]*\)[ 	][ 	]*\([_A-Za-z][_A-Za-z0-9]*\)$/\1 \2 \2/p' \> conftest.nm
configure:9605: $? = 0
configure:9657: clang -o conftest    conftest.c conftstm.o >&5
configure:9660: $? = 0

## ---------------- ##
## Cache variables. ##
## ---------------- ##

ac_cv_build=x86_64-unknown-linux-gnu
ac_cv_c_bigendian=no
ac_cv_c_compiler_gnu=yes
ac_cv_c_const=yes
ac_cv_cxx_compiler_gnu=yes
ac_cv_env_CCC_set=
ac_cv_env_CCC_value=
ac_cv_env_CC_set=
ac_cv_env_CC_value=
ac_cv_env_CFLAGS_set=
ac_cv_env_CFLAGS_value=
ac_cv_env_CPPFLAGS_set=
ac_cv_env_CPPFLAGS_value=
ac_cv_env_CPP_set=
ac_cv_env_CPP_value=
ac_cv_env_CXXCPP_set=
ac_cv_env_CXXCPP_value=
ac_cv_env_CXXFLAGS_set=
ac_cv_env_CXXFLAGS_value=
ac_cv_env_CXX_set=
ac_cv_env_CXX_value=
ac_cv_env_LDFLAGS_set=
ac_cv_env_LDFLAGS_value=
ac_cv_env_build_alias_set=
ac_cv_env_build_alias_value=
ac_cv_env_host_alias_set=
ac_cv_env_host_alias_value=
ac_cv_env_target_alias_set=
ac_cv_env_target_alias_value=
ac_cv_header_dirent_dirent_h=yes
ac_cv_header_dlfcn_h=yes
ac_cv_header_inttypes_h=yes
ac_cv_header_memory_h=yes
ac_cv_header_stdc=yes
ac_cv_header_stdint_h=yes
ac_cv_header_stdlib_h=yes
ac_cv_header_string_h=yes
ac_cv_header_strings_h=yes
ac_cv_header_sys_stat_h=yes
ac_cv_header_sys_types_h=yes
ac_cv_header_unistd_h=yes
ac_cv_host=x86_64-unknown-linux-gnu
ac_cv_objext=o
ac_cv_path_BINPWD=/bin/pwd
ac_cv_path_BZIP2=/bin/bzip2
ac_cv_path_CAT=/bin/cat
ac_cv_path_CIRCO=/usr/bin/circo
ac_cv_path_CMP=/usr/bin/cmp
ac_cv_path_CP=/bin/cp
ac_cv_path_DATE=/bin/date
ac_cv_path_DOT=/usr/bin/dot
ac_cv_path_DOTTY=/usr/bin/dotty
ac_cv_path_DOXYGEN=/usr/bin/doxygen
ac_cv_path_EGREP='/bin/grep -E'
ac_cv_path_FDP=/usr/bin/fdp
ac_cv_path_FIND=/usr/bin/find
ac_cv_path_GAS=/usr/bin/as
ac_cv_path_GRAPHVIZ='echo Graphviz'
ac_cv_path_GREP=/bin/grep
ac_cv_path_GROFF=/usr/bin/groff
ac_cv_path_GZIPBIN=/bin/gzip
ac_cv_path_MKDIR=/bin/mkdir
ac_cv_path_MV=/bin/mv
ac_cv_path_NEATO=/usr/bin/neato
ac_cv_path_RM=/bin/rm
ac_cv_path_SED=/bin/sed
ac_cv_path_TAR=/bin/tar
ac_cv_path_TWOPI=/usr/bin/twopi
ac_cv_path_XDOT_PY='echo xdot.py'
ac_cv_path_ZIP=/usr/bin/zip
ac_cv_path_install='/usr/bin/install -c'
ac_cv_prog_CPP='clang -E'
ac_cv_prog_ac_ct_AR=ar
ac_cv_prog_ac_ct_CC=clang
ac_cv_prog_ac_ct_CXX=clang++
ac_cv_prog_ac_ct_RANLIB=ranlib
ac_cv_prog_cc_c89=
ac_cv_prog_cc_g=yes
ac_cv_prog_cxx_g=yes
ac_cv_search_opendir='none required'
ac_cv_target=x86_64-unknown-linux-gnu
libltdl_cv_objdir=.libs
libltdl_cv_shlibext=.so
libltdl_cv_shlibpath_var=LD_LIBRARY_PATH
libltdl_cv_sys_search_path='/lib /usr/lib /usr/lib/x86_64-linux-gnu/libfakeroot /usr/lib/i386-linux-gnu/mesa /lib/i386-linux-gnu /usr/lib/i386-linux-gnu /lib/i686-linux-gnu /usr/lib/i686-linux-gnu /usr/local/lib /lib/x86_64-linux-gnu /usr/lib/x86_64-linux-gnu /usr/lib/x86_64-linux-gnu/mesa-egl /usr/lib/x86_64-linux-gnu/mesa '
llvm_cv_enable_libffi=no
llvm_cv_gnu_make_command=make
llvm_cv_link_all_option=-Wl,--whole-archive
llvm_cv_link_use_export_dynamic=yes
llvm_cv_link_use_r=yes
llvm_cv_link_use_version_script=yes
llvm_cv_link_version=2.24
llvm_cv_no_link_all_option=-Wl,--no-whole-archive
llvm_cv_os_type=Linux
llvm_cv_platform_type=Unix
llvm_cv_target_arch=x86_64
llvm_cv_target_os_type=Linux
lt_cv_path_NM='/usr/bin/nm -B'
lt_cv_sys_global_symbol_pipe='sed -n -e '\''s/^.*[ 	]\([ABCDGIRSTW][ABCDGIRSTW]*\)[ 	][ 	]*\([_A-Za-z][_A-Za-z0-9]*\)$/\1 \2 \2/p'\'''
lt_cv_sys_global_symbol_to_c_name_address='sed -n -e '\''s/^: \([^ ]*\) $/  {\"\1\", (lt_ptr) 0},/p'\'' -e '\''s/^[BCDEGRST] \([^ ]*\) \([^ ]*\)$/  {"\2", (lt_ptr) \&\2},/p'\'''
lt_cv_sys_global_symbol_to_cdecl='sed -n -e '\''s/^. .* \(.*\)$/extern int \1;/p'\'''

## ----------------- ##
## Output variables. ##
## ----------------- ##

ALL_BINDINGS=''
AR='ar'
ARCH='x86_64'
BINDINGS_TO_BUILD='auto'
BINPWD='/bin/pwd'
BINUTILS_INCDIR=''
BUILD_CC=''
BUILD_CXX=''
BUILD_EXEEXT=''
BZIP2='/bin/bzip2'
CAT='/bin/cat'
CC='clang'
CFLAGS=''
CIRCO='/usr/bin/circo'
CLANG_SRC_ROOT=''
CMP='/usr/bin/cmp'
CONVENIENCE_LTDL_FALSE=''
CONVENIENCE_LTDL_TRUE='#'
COVERED_SWITCH_DEFAULT=''
CP='/bin/cp'
CPP='clang -E'
CPPFLAGS=''
CVSBUILD='CVSBUILD=1'
CXX='clang++'
CXXCPP=''
CXXFLAGS=''
DATE='/bin/date'
DEBUG_RUNTIME=''
DEBUG_SYMBOLS=''
DEFS=''
DISABLE_ASSERTIONS=''
DOT='/usr/bin/dot'
DOTTY='/usr/bin/dotty'
DOXYGEN='/usr/bin/doxygen'
ECHO_C=''
ECHO_N='-n'
ECHO_T=''
EGREP='/bin/grep -E'
ENABLE_BACKTRACES='1'
ENABLE_CLANG_ARCMT='1'
ENABLE_CLANG_REWRITER='1'
ENABLE_CLANG_STATIC_ANALYZER='1'
ENABLE_CXX11='0'
ENABLE_DOCS='1'
ENABLE_DOXYGEN='0'
ENABLE_EMBED_STDCXX='0'
ENABLE_EXPENSIVE_CHECKS=''
ENABLE_LIBCPP='0'
ENABLE_OPTIMIZED=''
ENABLE_PIC='1'
ENABLE_POLLY='1'
ENABLE_PROFILING=''
ENABLE_PTHREADS='1'
ENABLE_SHARED='0'
ENABLE_TIMESTAMPS='1'
ENABLE_VISIBILITY_INLINES_HIDDEN=''
ENABLE_WERROR='0'
ENDIAN='little'
EXEEXT=''
EXPENSIVE_CHECKS='no'
EXTRA_LD_OPTIONS=''
EXTRA_OPTIONS=''
FDP='/usr/bin/fdp'
FIND='/usr/bin/find'
GAS='/usr/bin/as'
GRAPHVIZ='echo Graphviz'
GREP='/bin/grep'
GROFF='/usr/bin/groff'
GV='echo gv'
GZIPBIN='/bin/gzip'
HAVE_LIBZ=''
HAVE_LINK_VERSION_SCRIPT='1'
HAVE_PTHREAD=''
HOST_ARCH='x86_64'
HOST_OS='Linux'
HUGE_VAL_SANITY=''
INSTALL_DATA='${INSTALL} -m 644'
INSTALL_LTDL_FALSE=''
INSTALL_LTDL_TRUE='#'
INSTALL_PROGRAM='${INSTALL}'
INSTALL_SCRIPT='${INSTALL}'
INTERNAL_PREFIX=''
JIT=''
KEEP_SYMBOLS=''
LDFLAGS=''
LIBADD_DL=''
LIBOBJS=''
LIBS=''
LIBXML2_INC=''
LIBXML2_LIBS=''
LINKALL='-Wl,--whole-archive'
LLVM_BINDIR=''
LLVM_CONFIGTIME=''
LLVM_COPYRIGHT='Copyright (c) 2003-2013 University of Illinois at Urbana-Champaign.'
LLVM_CROSS_COMPILING='0'
LLVM_DATADIR=''
LLVM_DOCSDIR=''
LLVM_ENABLE_THREADS='1'
LLVM_ENABLE_ZLIB='1'
LLVM_ENUM_ASM_PARSERS='LLVM_ASM_PARSER(REDEFINE) LLVM_ASM_PARSER(RISCV) LLVM_ASM_PARSER(SystemZ) LLVM_ASM_PARSER(MBlaze) LLVM_ASM_PARSER(Mips) LLVM_ASM_PARSER(ARM) LLVM_ASM_PARSER(AArch64) LLVM_ASM_PARSER(PowerPC) LLVM_ASM_PARSER(X86) '
LLVM_ENUM_ASM_PRINTERS='LLVM_ASM_PRINTER(REDEFINE) LLVM_ASM_PRINTER(RISCV) LLVM_ASM_PRINTER(SystemZ) LLVM_ASM_PRINTER(Hexagon) LLVM_ASM_PRINTER(NVPTX) LLVM_ASM_PRINTER(MBlaze) LLVM_ASM_PRINTER(MSP430) LLVM_ASM_PRINTER(XCore) LLVM_ASM_PRINTER(Mips) LLVM_ASM_PRINTER(ARM) LLVM_ASM_PRINTER(AArch64) LLVM_ASM_PRINTER(PowerPC) LLVM_ASM_PRINTER(Sparc) LLVM_ASM_PRINTER(X86) '
LLVM_ENUM_DISASSEMBLERS='LLVM_DISASSEMBLER(MBlaze) LLVM_DISASSEMBLER(XCore) LLVM_DISASSEMBLER(Mips) LLVM_DISASSEMBLER(ARM) LLVM_DISASSEMBLER(AArch64) LLVM_DISASSEMBLER(X86) '
LLVM_ENUM_TARGETS='LLVM_TARGET(REDEFINE) LLVM_TARGET(RISCV) LLVM_TARGET(SystemZ) LLVM_TARGET(Hexagon) LLVM_TARGET(NVPTX) LLVM_TARGET(MBlaze) LLVM_TARGET(CppBackend) LLVM_TARGET(MSP430) LLVM_TARGET(XCore) LLVM_TARGET(Mips) LLVM_TARGET(ARM) LLVM_TARGET(AArch64) LLVM_TARGET(PowerPC) LLVM_TARGET(Sparc) LLVM_TARGET(X86) '
LLVM_ETCDIR=''
LLVM_HAS_POLLY=''
LLVM_INCLUDEDIR=''
LLVM_INFODIR=''
LLVM_LIBDIR=''
LLVM_MANDIR=''
LLVM_ON_UNIX='1'
LLVM_ON_WIN32='0'
LLVM_PREFIX=''
LN_S='ln -s'
LTLIBOBJS=''
MKDIR='/bin/mkdir'
MMAP_FILE=''
MV='/bin/mv'
NEATO='/usr/bin/neato'
NM='/usr/bin/nm -B'
NOLINKALL='-Wl,--no-whole-archive'
NO_MAYBE_UNINITIALIZED=''
NO_MISSING_FIELD_INITIALIZERS=''
NO_UNINITIALIZED=''
NO_VARIADIC_MACROS=''
OBJEXT='o'
OCAMLC=''
OCAMLDEP=''
OCAMLDOC=''
OCAMLOPT=''
OCAML_LIBDIR=''
OPTIMIZE_OPTION='-O3'
OS='Linux'
PACKAGE_BUGREPORT='http://llvm.org/bugs/'
PACKAGE_NAME='LLVM'
PACKAGE_STRING='LLVM 3.3'
PACKAGE_TARNAME='llvm'
PACKAGE_VERSION='3.3'
PATH_SEPARATOR=':'
PDFROFF=''
PYTHON=''
RANLIB='ranlib'
RDYNAMIC=''
RM='/bin/rm'
RPATH=''
SED='/bin/sed'
SHELL='/bin/bash'
SHLIBEXT=''
SHLIBPATH_VAR=''
TAR='/bin/tar'
TARGETS_TO_BUILD='X86 Sparc PowerPC AArch64 ARM Mips XCore MSP430 CppBackend MBlaze NVPTX Hexagon SystemZ RISCV REDEFINE'
TARGET_HAS_JIT='1'
TARGET_OS='Linux'
TWOPI='/usr/bin/twopi'
USE_INTEL_JITEVENTS=''
USE_OPROFILE=''
USE_UDIS86=''
XDOT_PY='echo xdot.py'
XML2CONFIG=''
ZIP='/usr/bin/zip'
ac_ct_CC='clang'
ac_ct_CXX='clang++'
bindir='${exec_prefix}/bin'
build='x86_64-unknown-linux-gnu'
build_alias=''
build_cpu='x86_64'
build_os='linux-gnu'
build_vendor='unknown'
datadir='${datarootdir}'
datarootdir='${prefix}/share'
docdir='${datarootdir}/doc/${PACKAGE_TARNAME}'
dvidir='${docdir}'
exec_prefix='NONE'
host='x86_64-unknown-linux-gnu'
host_alias=''
host_cpu='x86_64'
host_os='linux-gnu'
host_vendor='unknown'
htmldir='${docdir}'
ifGNUmake=''
includedir='${prefix}/include'
infodir='${datarootdir}/info'
libdir='${exec_prefix}/lib'
libexecdir='${exec_prefix}/libexec'
localedir='${datarootdir}/locale'
localstatedir='${prefix}/var'
mandir='${datarootdir}/man'
oldincludedir='/usr/include'
pdfdir='${docdir}'
prefix='NONE'
program_prefix='NONE'
program_transform_name='s,x,x,'
psdir='${docdir}'
sbindir='${exec_prefix}/sbin'
sharedstatedir='${prefix}/com'
subdirs=' projects/sample'
sysconfdir='${prefix}/etc'
target='x86_64-unknown-linux-gnu'
target_alias=''
target_cpu='x86_64'
target_os='linux-gnu'
target_vendor='unknown'

## ----------- ##
## confdefs.h. ##
## ----------- ##

#define PACKAGE_NAME "LLVM"
#define PACKAGE_TARNAME "llvm"
#define PACKAGE_VERSION "3.3"
#define PACKAGE_STRING "LLVM 3.3"
#define PACKAGE_BUGREPORT "http://llvm.org/bugs/"
#define LLVM_VERSION_MAJOR 3
#define LLVM_VERSION_MINOR 3
#define LLVM_ON_UNIX 1
#define STDC_HEADERS 1
#define HAVE_SYS_TYPES_H 1
#define HAVE_SYS_STAT_H 1
#define HAVE_STDLIB_H 1
#define HAVE_STRING_H 1
#define HAVE_MEMORY_H 1
#define HAVE_STRINGS_H 1
#define HAVE_INTTYPES_H 1
#define HAVE_STDINT_H 1
#define HAVE_UNISTD_H 1
#define LLVM_ENABLE_THREADS 1
#define LLVM_ENABLE_ZLIB 1
#define ENABLE_PIC 1
#define ENABLE_TIMESTAMPS 1
#define ENABLE_BACKTRACES 1
#define LLVM_NATIVE_ARCH X86
#define LLVM_NATIVE_TARGET LLVMInitializeX86Target
#define LLVM_NATIVE_TARGETINFO LLVMInitializeX86TargetInfo
#define LLVM_NATIVE_TARGETMC LLVMInitializeX86TargetMC
#define LLVM_NATIVE_ASMPRINTER LLVMInitializeX86AsmPrinter
#define LLVM_NATIVE_ASMPARSER LLVMInitializeX86AsmParser
#define LLVM_NATIVE_DISASSEMBLER LLVMInitializeX86Disassembler
#define CLANG_RESOURCE_DIR ""
#define C_INCLUDE_DIRS ""
#define GCC_INSTALL_PREFIX ""
#define DEFAULT_SYSROOT ""
#define BUG_REPORT_URL "http://llvm.org/bugs/"
#define HAVE_DOT 1
#define LLVM_PATH_DOT "/usr/bin/dot"
#define HAVE_FDP 1
#define LLVM_PATH_FDP "/usr/bin/fdp"
#define HAVE_NEATO 1
#define LLVM_PATH_NEATO "/usr/bin/neato"
#define HAVE_TWOPI 1
#define LLVM_PATH_TWOPI "/usr/bin/twopi"
#define HAVE_CIRCO 1
#define LLVM_PATH_CIRCO "/usr/bin/circo"
#define HAVE_DOTTY 1
#define LLVM_PATH_DOTTY "/usr/bin/dotty"
#define HOST_LINK_VERSION "2.24"
#define HAVE_LINK_R 1
#define HAVE_LINK_EXPORT_DYNAMIC 1
#define HAVE_DIRENT_H 1
#define HAVE_DLFCN_H 1
#define LTDL_SHLIB_EXT ".so"
#define LTDL_SHLIBPATH_VAR "LD_LIBRARY_PATH"
#define LTDL_SYSSEARCHPATH "/lib:/usr/lib:/usr/lib/x86_64-linux-gnu/libfakeroot:/usr/lib/i386-linux-gnu/mesa:/lib/i386-linux-gnu:/usr/lib/i386-linux-gnu:/lib/i686-linux-gnu:/usr/lib/i686-linux-gnu:/usr/local/lib:/lib/x86_64-linux-gnu:/usr/lib/x86_64-linux-gnu:/usr/lib/x86_64-linux-gnu/mesa-egl:/usr/lib/x86_64-linux-gnu/mesa"
#define LTDL_OBJDIR ".libs/"

configure: caught signal 15
configure: exit 1
